<?xml version="1.0" encoding="UTF-8"?>
<!-- Generated by org.testng.reporters.JUnitReportReporter -->
<testsuite hostname="DESKTOP-TNQJ0UM" name="bstu.AppTest" tests="8" failures="0" timestamp="22 May 2016 19:07:12 GMT" time="169.509" errors="0">
  <testcase name="jackDorseyTw" time="22.559" classname="bstu.AppTest"/>
  <testcase name="logInTw" time="18.543" classname="bstu.AppTest"/>
  <testcase name="tweetTw" time="21.422" classname="bstu.AppTest"/>
  <testcase name="logOutTw" time="24.382" classname="bstu.AppTest"/>
  <testcase name="likeTw" time="15.997" classname="bstu.AppTest"/>
  <testcase name="retweetTw" time="18.828" classname="bstu.AppTest"/>
  <testcase name="followTw" time="17.866" classname="bstu.AppTest"/>
  <testcase name="searchTw" time="29.912" classname="bstu.AppTest"/>
</testsuite> <!-- bstu.AppTest -->
